app/build/intermediates/manifest_merge_blame_file/debug/manifest-merger-blame-debug-report.txt
1<?xml version="1.0" encoding="utf-8"?>
2<manifest xmlns:android="http://schemas.android.com/apk/res/android"
3    package="com.example.practica_1_trimestre_multimedia"
4    android:versionCode="1"
5    android:versionName="1.0" >
6
7    <uses-sdk
8        android:minSdkVersion="21"
8-->src\main\AndroidManifest.xml
9        android:targetSdkVersion="33" />
9-->src\main\AndroidManifest.xml
10    <!-- Include required permissions for Google Maps API to run. -->
11    <uses-permission android:name="android.permission.ACCESS_NETWORK_STATE" />
11-->[com.google.android.gms:play-services-maps:18.1.0] AndroidManifest.xml:23:5-79
11-->[com.google.android.gms:play-services-maps:18.1.0] AndroidManifest.xml:23:22-76
12    <uses-permission android:name="android.permission.INTERNET" />
12-->[com.google.android.gms:play-services-maps:18.1.0] AndroidManifest.xml:24:5-67
12-->[com.google.android.gms:play-services-maps:18.1.0] AndroidManifest.xml:24:22-64
13
14    <uses-feature
14-->[com.google.android.gms:play-services-maps:18.1.0] AndroidManifest.xml:26:5-28:35
15        android:glEsVersion="0x00020000"
15-->[com.google.android.gms:play-services-maps:18.1.0] AndroidManifest.xml:27:9-41
16        android:required="true" />
16-->[com.google.android.gms:play-services-maps:18.1.0] AndroidManifest.xml:28:9-32
17
18    <queries>
18-->[com.google.android.gms:play-services-maps:18.1.0] AndroidManifest.xml:30:5-34:15
19
20        <!-- Needs to be explicitly declared on Android R+ -->
21        <package android:name="com.google.android.apps.maps" />
21-->[com.google.android.gms:play-services-maps:18.1.0] AndroidManifest.xml:33:9-64
21-->[com.google.android.gms:play-services-maps:18.1.0] AndroidManifest.xml:33:18-61
22    </queries>
23
24    <application
24-->src\main\AndroidManifest.xml:5:5-72:19
25        android:allowBackup="true"
25-->src\main\AndroidManifest.xml:6:9-35
26        android:appComponentFactory="androidx.core.app.CoreComponentFactory"
26-->[androidx.core:core:1.8.0] AndroidManifest.xml:24:18-86
27        android:dataExtractionRules="@xml/data_extraction_rules"
27-->src\main\AndroidManifest.xml:7:9-65
28        android:debuggable="true"
29        android:fullBackupContent="@xml/backup_rules"
29-->src\main\AndroidManifest.xml:8:9-54
30        android:icon="@drawable/logo"
30-->src\main\AndroidManifest.xml:9:9-38
31        android:label="@string/app_name"
31-->src\main\AndroidManifest.xml:10:9-41
32        android:roundIcon="@drawable/logo"
32-->src\main\AndroidManifest.xml:11:9-43
33        android:supportsRtl="true"
33-->src\main\AndroidManifest.xml:12:9-35
34        android:testOnly="true"
35        android:theme="@style/Theme.Practica1TrimestreMultimedia" >
35-->src\main\AndroidManifest.xml:13:9-66
36
37        <!--
38             TODO: Before you run your application, you need a Google Maps API key.
39
40             To get one, follow the directions here:
41
42                https://developers.google.com/maps/documentation/android-sdk/get-api-key
43
44             Once you have your API key (it starts with "AIza"), define a new property in your
45             project's local.properties file (e.g. MAPS_API_KEY=Aiza...), and replace the
46             "YOUR_API_KEY" string in this file with "${MAPS_API_KEY}".
47        -->
48        <meta-data
49            android:name="com.google.android.geo.API_KEY"
49-->src\main\AndroidManifest.xml:28:13-58
50            android:value="AIzaSyDWbwRe5fb8wJrD0P157hmPvAKT0ryEx6c" />
50-->src\main\AndroidManifest.xml:29:13-44
51        <meta-data
51-->src\main\AndroidManifest.xml:30:9-32:69
52            android:name="com.google.android.gms.version"
52-->src\main\AndroidManifest.xml:31:13-58
53            android:value="@integer/google_play_services_version" />
53-->src\main\AndroidManifest.xml:32:13-66
54
55        <activity
55-->src\main\AndroidManifest.xml:34:9-41:20
56            android:name="com.example.practica_1_trimestre_multimedia.views.HomeActivity"
56-->src\main\AndroidManifest.xml:35:13-47
57            android:exported="false"
57-->src\main\AndroidManifest.xml:36:13-37
58            android:screenOrientation="portrait" >
58-->src\main\AndroidManifest.xml:37:13-49
59            <meta-data
59-->src\main\AndroidManifest.xml:38:13-40:36
60                android:name="android.app.lib_name"
60-->src\main\AndroidManifest.xml:39:17-52
61                android:value="" />
61-->src\main\AndroidManifest.xml:40:17-33
62        </activity>
63        <activity
63-->src\main\AndroidManifest.xml:42:9-49:20
64            android:name="com.example.practica_1_trimestre_multimedia.views.RegisterActivity"
64-->src\main\AndroidManifest.xml:43:13-51
65            android:exported="false"
65-->src\main\AndroidManifest.xml:44:13-37
66            android:screenOrientation="portrait" >
66-->src\main\AndroidManifest.xml:45:13-49
67            <meta-data
67-->src\main\AndroidManifest.xml:38:13-40:36
68                android:name="android.app.lib_name"
68-->src\main\AndroidManifest.xml:39:17-52
69                android:value="" />
69-->src\main\AndroidManifest.xml:40:17-33
70        </activity>
71        <activity
71-->src\main\AndroidManifest.xml:50:9-57:20
72            android:name="com.example.practica_1_trimestre_multimedia.views.LoginActivity"
72-->src\main\AndroidManifest.xml:51:13-48
73            android:exported="true"
73-->src\main\AndroidManifest.xml:52:13-36
74            android:screenOrientation="portrait" >
74-->src\main\AndroidManifest.xml:53:13-49
75            <meta-data
75-->src\main\AndroidManifest.xml:38:13-40:36
76                android:name="android.app.lib_name"
76-->src\main\AndroidManifest.xml:39:17-52
77                android:value="" />
77-->src\main\AndroidManifest.xml:40:17-33
78        </activity>
79        <activity
79-->src\main\AndroidManifest.xml:58:9-71:20
80            android:name="com.example.practica_1_trimestre_multimedia.MainActivity"
80-->src\main\AndroidManifest.xml:59:13-41
81            android:exported="true"
81-->src\main\AndroidManifest.xml:60:13-36
82            android:screenOrientation="portrait" >
82-->src\main\AndroidManifest.xml:61:13-49
83            <intent-filter>
83-->src\main\AndroidManifest.xml:62:13-66:29
84                <action android:name="android.intent.action.MAIN" />
84-->src\main\AndroidManifest.xml:63:17-69
84-->src\main\AndroidManifest.xml:63:25-66
85
86                <category android:name="android.intent.category.LAUNCHER" />
86-->src\main\AndroidManifest.xml:65:17-77
86-->src\main\AndroidManifest.xml:65:27-74
87            </intent-filter>
88
89            <meta-data
89-->src\main\AndroidManifest.xml:38:13-40:36
90                android:name="android.app.lib_name"
90-->src\main\AndroidManifest.xml:39:17-52
91                android:value="" />
91-->src\main\AndroidManifest.xml:40:17-33
92        </activity>
93        <!-- Needs to be explicitly declared on P+ -->
94        <uses-library
94-->[com.google.android.gms:play-services-maps:18.1.0] AndroidManifest.xml:39:9-41:40
95            android:name="org.apache.http.legacy"
95-->[com.google.android.gms:play-services-maps:18.1.0] AndroidManifest.xml:40:13-50
96            android:required="false" />
96-->[com.google.android.gms:play-services-maps:18.1.0] AndroidManifest.xml:41:13-37
97
98        <activity
98-->[com.google.android.gms:play-services-base:18.1.0] AndroidManifest.xml:20:9-22:45
99            android:name="com.google.android.gms.common.api.GoogleApiActivity"
99-->[com.google.android.gms:play-services-base:18.1.0] AndroidManifest.xml:20:19-85
100            android:exported="false"
100-->[com.google.android.gms:play-services-base:18.1.0] AndroidManifest.xml:22:19-43
101            android:theme="@android:style/Theme.Translucent.NoTitleBar" />
101-->[com.google.android.gms:play-services-base:18.1.0] AndroidManifest.xml:21:19-78
102
103        <provider
103-->[androidx.emoji2:emoji2:1.2.0] AndroidManifest.xml:24:9-32:20
104            android:name="androidx.startup.InitializationProvider"
104-->[androidx.emoji2:emoji2:1.2.0] AndroidManifest.xml:25:13-67
105            android:authorities="com.example.practica_1_trimestre_multimedia.androidx-startup"
105-->[androidx.emoji2:emoji2:1.2.0] AndroidManifest.xml:26:13-68
106            android:exported="false" >
106-->[androidx.emoji2:emoji2:1.2.0] AndroidManifest.xml:27:13-37
107            <meta-data
107-->[androidx.emoji2:emoji2:1.2.0] AndroidManifest.xml:29:13-31:52
108                android:name="androidx.emoji2.text.EmojiCompatInitializer"
108-->[androidx.emoji2:emoji2:1.2.0] AndroidManifest.xml:30:17-75
109                android:value="androidx.startup" />
109-->[androidx.emoji2:emoji2:1.2.0] AndroidManifest.xml:31:17-49
110            <meta-data
110-->[androidx.lifecycle:lifecycle-process:2.4.1] AndroidManifest.xml:31:13-33:52
111                android:name="androidx.lifecycle.ProcessLifecycleInitializer"
111-->[androidx.lifecycle:lifecycle-process:2.4.1] AndroidManifest.xml:32:17-78
112                android:value="androidx.startup" />
112-->[androidx.lifecycle:lifecycle-process:2.4.1] AndroidManifest.xml:33:17-49
113        </provider>
114
115        <uses-library
115-->[androidx.window:window:1.0.0] AndroidManifest.xml:25:9-27:40
116            android:name="androidx.window.extensions"
116-->[androidx.window:window:1.0.0] AndroidManifest.xml:26:13-54
117            android:required="false" />
117-->[androidx.window:window:1.0.0] AndroidManifest.xml:27:13-37
118        <uses-library
118-->[androidx.window:window:1.0.0] AndroidManifest.xml:28:9-30:40
119            android:name="androidx.window.sidecar"
119-->[androidx.window:window:1.0.0] AndroidManifest.xml:29:13-51
120            android:required="false" />
120-->[androidx.window:window:1.0.0] AndroidManifest.xml:30:13-37
121    </application>
122
123</manifest>